Traceback (most recent call last):
  File "/home/xavi/Documentos/PythonProjects/RepasoUnam/MyDevEnv/lib/python3.8/site-packages/jupyter_cache/executors/utils.py", line 51, in single_nb_execution
    executenb(
  File "/home/xavi/Documentos/PythonProjects/RepasoUnam/MyDevEnv/lib/python3.8/site-packages/nbclient/client.py", line 1112, in execute
    return NotebookClient(nb=nb, resources=resources, km=km, **kwargs).execute()
  File "/home/xavi/Documentos/PythonProjects/RepasoUnam/MyDevEnv/lib/python3.8/site-packages/nbclient/util.py", line 74, in wrapped
    return just_run(coro(*args, **kwargs))
  File "/home/xavi/Documentos/PythonProjects/RepasoUnam/MyDevEnv/lib/python3.8/site-packages/nbclient/util.py", line 53, in just_run
    return loop.run_until_complete(coro)
  File "/usr/lib/python3.8/asyncio/base_events.py", line 616, in run_until_complete
    return future.result()
  File "/home/xavi/Documentos/PythonProjects/RepasoUnam/MyDevEnv/lib/python3.8/site-packages/nbclient/client.py", line 553, in async_execute
    await self.async_execute_cell(
  File "/home/xavi/Documentos/PythonProjects/RepasoUnam/MyDevEnv/lib/python3.8/site-packages/nbclient/client.py", line 857, in async_execute_cell
    self._check_raise_for_error(cell, exec_reply)
  File "/home/xavi/Documentos/PythonProjects/RepasoUnam/MyDevEnv/lib/python3.8/site-packages/nbclient/client.py", line 760, in _check_raise_for_error
    raise CellExecutionError.from_cell_and_msg(cell, exec_reply_content)
nbclient.exceptions.CellExecutionError: An error occurred while executing the following cell:
------------------
from tqdm import tqdm
for i in tqdm(range(int(10e5))):
    i ** 2
------------------

[0;31m---------------------------------------------------------------------------[0m
[0;31mModuleNotFoundError[0m                       Traceback (most recent call last)
[0;32m<ipython-input-27-cdefbf9c3dc5>[0m in [0;36m<module>[0;34m[0m
[0;32m----> 1[0;31m [0;32mfrom[0m [0mtqdm[0m [0;32mimport[0m [0mtqdm[0m[0;34m[0m[0;34m[0m[0m
[0m[1;32m      2[0m [0;32mfor[0m [0mi[0m [0;32min[0m [0mtqdm[0m[0;34m([0m[0mrange[0m[0;34m([0m[0mint[0m[0;34m([0m[0;36m10e5[0m[0;34m)[0m[0;34m)[0m[0;34m)[0m[0;34m:[0m[0;34m[0m[0;34m[0m[0m
[1;32m      3[0m     [0mi[0m [0;34m**[0m [0;36m2[0m[0;34m[0m[0;34m[0m[0m

[0;31mModuleNotFoundError[0m: No module named 'tqdm'
ModuleNotFoundError: No module named 'tqdm'

