Traceback (most recent call last):
  File "/home/xavi/Documentos/PythonProjects/RepasoUnam/MyDevEnv/lib/python3.8/site-packages/jupyter_cache/executors/utils.py", line 51, in single_nb_execution
    executenb(
  File "/home/xavi/Documentos/PythonProjects/RepasoUnam/MyDevEnv/lib/python3.8/site-packages/nbclient/client.py", line 1112, in execute
    return NotebookClient(nb=nb, resources=resources, km=km, **kwargs).execute()
  File "/home/xavi/Documentos/PythonProjects/RepasoUnam/MyDevEnv/lib/python3.8/site-packages/nbclient/util.py", line 74, in wrapped
    return just_run(coro(*args, **kwargs))
  File "/home/xavi/Documentos/PythonProjects/RepasoUnam/MyDevEnv/lib/python3.8/site-packages/nbclient/util.py", line 53, in just_run
    return loop.run_until_complete(coro)
  File "/usr/lib/python3.8/asyncio/base_events.py", line 616, in run_until_complete
    return future.result()
  File "/home/xavi/Documentos/PythonProjects/RepasoUnam/MyDevEnv/lib/python3.8/site-packages/nbclient/client.py", line 553, in async_execute
    await self.async_execute_cell(
  File "/home/xavi/Documentos/PythonProjects/RepasoUnam/MyDevEnv/lib/python3.8/site-packages/nbclient/client.py", line 857, in async_execute_cell
    self._check_raise_for_error(cell, exec_reply)
  File "/home/xavi/Documentos/PythonProjects/RepasoUnam/MyDevEnv/lib/python3.8/site-packages/nbclient/client.py", line 760, in _check_raise_for_error
    raise CellExecutionError.from_cell_and_msg(cell, exec_reply_content)
nbclient.exceptions.CellExecutionError: An error occurred while executing the following cell:
------------------
# Use this code to plot your function on a bigger guest list!
import numpy as np
import matplotlib.pyplot as plt
plt.style.use('ggplot')  # These lines are to do with plot formatting. We'll talk about them in a later chapter.
plt.rcParams.update({'font.size': 16, 'axes.labelweight': 'bold', 'figure.figsize': (8, 6)})

number_of_guests=100
probabilities = np.random.choice([0.2, 0.4, 0.6, 0.8, 1],
                                 size=number_of_guests,
                                 p=[0.1, 0.2, 0.2, 0.3, 0.2])
attendance = simulate_party(probabilities, n=1000)
plt.hist(attendance, bins=20)
plt.xlabel("Avg. number of attendees")
plt.ylabel("Number of simulations");
------------------

[0;31m---------------------------------------------------------------------------[0m
[0;31mModuleNotFoundError[0m                       Traceback (most recent call last)
[0;32m<ipython-input-16-975011e69c1c>[0m in [0;36m<module>[0;34m[0m
[1;32m      1[0m [0;31m# Use this code to plot your function on a bigger guest list![0m[0;34m[0m[0;34m[0m[0;34m[0m[0m
[1;32m      2[0m [0;32mimport[0m [0mnumpy[0m [0;32mas[0m [0mnp[0m[0;34m[0m[0;34m[0m[0m
[0;32m----> 3[0;31m [0;32mimport[0m [0mmatplotlib[0m[0;34m.[0m[0mpyplot[0m [0;32mas[0m [0mplt[0m[0;34m[0m[0;34m[0m[0m
[0m[1;32m      4[0m [0mplt[0m[0;34m.[0m[0mstyle[0m[0;34m.[0m[0muse[0m[0;34m([0m[0;34m'ggplot'[0m[0;34m)[0m  [0;31m# These lines are to do with plot formatting. We'll talk about them in a later chapter.[0m[0;34m[0m[0;34m[0m[0m
[1;32m      5[0m [0mplt[0m[0;34m.[0m[0mrcParams[0m[0;34m.[0m[0mupdate[0m[0;34m([0m[0;34m{[0m[0;34m'font.size'[0m[0;34m:[0m [0;36m16[0m[0;34m,[0m [0;34m'axes.labelweight'[0m[0;34m:[0m [0;34m'bold'[0m[0;34m,[0m [0;34m'figure.figsize'[0m[0;34m:[0m [0;34m([0m[0;36m8[0m[0;34m,[0m [0;36m6[0m[0;34m)[0m[0;34m}[0m[0;34m)[0m[0;34m[0m[0;34m[0m[0m

[0;31mModuleNotFoundError[0m: No module named 'matplotlib'
ModuleNotFoundError: No module named 'matplotlib'

